Shutdown : In progress...
Flush(false) db not started
StopNode()
Flushed 0 addresses to peers.dat  111ms
Flush(true) db not started
Shutdown : done
2014-08-06 16:46:49 



















2014-08-06 16:46:49 Polcoin version v1.3.0.0-stable by pdrobek (Aug  5 2014, 20:11:19)
2014-08-06 16:46:49 Using OpenSSL version OpenSSL 1.0.1g 7 Apr 2014
2014-08-06 16:46:49 Default data directory C:\Users\pdrobek\AppData\Roaming\Polcoin
2014-08-06 16:46:49 Using data directory 
2014-08-06 16:46:49 Using at most 125 connections (2048 file descriptors available)
2014-08-06 16:46:49 Using 2 threads for script verification
2014-08-06 16:46:49 init message: Verifying wallet...
2014-08-06 16:46:49 dbenv.open LogDir=database ErrorFile=db.log
2014-08-06 16:46:49 Unable to bind to [::]:19338 on this computer. Polcoin is probably already running.
2014-08-06 16:46:49 Unable to bind to 0.0.0.0:19338 on this computer. Polcoin is probably already running.
2014-08-06 16:46:49 Error: Unable to bind to 0.0.0.0:19338 on this computer. Polcoin is probably already running.
2014-08-06 16:46:49 Error: Failed to listen on any port. Use -listen=0 if you want this.
2014-08-06 16:46:49 Shutdown : In progress...
2014-08-06 16:46:49 Flush(false)
2014-08-06 16:46:49 DBFlush(false) ended               1ms
2014-08-06 16:46:49 StopNode()
2014-08-06 16:46:49 Flushed 0 addresses to peers.dat  93ms
2014-08-06 16:46:49 Flush(true)
2014-08-06 16:46:49 DBFlush(true) ended               1ms
2014-08-06 16:46:50 Shutdown : done
